[main 2487fbf] Auto-commit: update blog content
 1 file changed, 1 insertion(+), 1 deletion(-)
To github.com:jonathanmckay/o315-blog-v3.git
   511d818..2487fbf  main -> main
[main 76c4125] Auto-commit: update blog content
 1 file changed, 43 insertions(+)
 create mode 100644 content/reviews/the-faith-of-beasts.md
To github.com:jonathanmckay/o315-blog-v3.git
   ccf8010..76c4125  main -> main
[2026-05-24 14:30:00] committed:  3 files changed, 16 insertions(+), 3 deletions(-)
[2026-05-24 14:30:00] WARN: pull --rebase failed, skipping push. See /tmp/git-autopush-rebase.err
error: cannot pull with rebase: You have unstaged changes.
error: Please commit or stash them.
[2026-05-24 14:40:00] committed:  1 file changed, 4 insertions(+)
[2026-05-24 14:40:00] WARN: pull --rebase failed, skipping push. See /tmp/git-autopush-rebase.err
error: cannot pull with rebase: You have unstaged changes.
error: Please commit or stash them.
[2026-05-24 14:50:00] committed:  1 file changed, 4 insertions(+)
[2026-05-24 14:50:00] WARN: pull --rebase failed, skipping push. See /tmp/git-autopush-rebase.err
error: cannot pull with rebase: You have unstaged changes.
error: Please commit or stash them.
[2026-05-24 15:00:01] committed:  1 file changed, 4 insertions(+)
[2026-05-24 15:00:01] WARN: pull --rebase failed, skipping push. See /tmp/git-autopush-rebase.err
error: cannot pull with rebase: You have unstaged changes.
error: Please commit or stash them.
[2026-05-24 15:10:00] committed:  1 file changed, 4 insertions(+)
[2026-05-24 15:10:00] WARN: pull --rebase failed, skipping push. See /tmp/git-autopush-rebase.err
error: cannot pull with rebase: You have unstaged changes.
error: Please commit or stash them.
[2026-05-24 15:20:00] committed:  1 file changed, 4 insertions(+)
[2026-05-24 15:20:00] WARN: pull --rebase failed, skipping push. See /tmp/git-autopush-rebase.err
error: cannot pull with rebase: You have unstaged changes.
error: Please commit or stash them.
[2026-05-24 15:30:00] committed:  1 file changed, 4 insertions(+)
[2026-05-24 15:30:00] WARN: pull --rebase failed, skipping push. See /tmp/git-autopush-rebase.err
error: cannot pull with rebase: You have unstaged changes.
error: Please commit or stash them.
[2026-05-24 15:40:00] committed:  1 file changed, 4 insertions(+)
[2026-05-24 15:40:00] WARN: pull --rebase failed, skipping push. See /tmp/git-autopush-rebase.err
error: cannot pull with rebase: You have unstaged changes.
error: Please commit or stash them.
[2026-05-24 15:50:00] committed:  1 file changed, 4 insertions(+)
[2026-05-24 15:50:00] WARN: pull --rebase failed, skipping push. See /tmp/git-autopush-rebase.err
error: cannot pull with rebase: You have unstaged changes.
error: Please commit or stash them.
[2026-05-24 16:00:00] committed:  1 file changed, 4 insertions(+)
[2026-05-24 16:00:00] WARN: pull --rebase failed, skipping push. See /tmp/git-autopush-rebase.err
error: cannot pull with rebase: You have unstaged changes.
error: Please commit or stash them.
[2026-05-24 16:10:00] committed:  1 file changed, 4 insertions(+)
[2026-05-24 16:10:00] WARN: pull --rebase failed, skipping push. See /tmp/git-autopush-rebase.err
error: cannot pull with rebase: You have unstaged changes.
error: Please commit or stash them.
[2026-05-24 16:20:00] committed:  1 file changed, 4 insertions(+)
[2026-05-24 16:20:00] WARN: pull --rebase failed, skipping push. See /tmp/git-autopush-rebase.err
error: cannot pull with rebase: You have unstaged changes.
error: Please commit or stash them.
[2026-05-24 16:30:00] committed:  1 file changed, 4 insertions(+)
[2026-05-24 16:30:00] WARN: pull --rebase failed, skipping push. See /tmp/git-autopush-rebase.err
error: cannot pull with rebase: You have unstaged changes.
error: Please commit or stash them.
[2026-05-24 16:40:00] committed:  1 file changed, 4 insertions(+)
[2026-05-24 16:40:00] WARN: pull --rebase failed, skipping push. See /tmp/git-autopush-rebase.err
error: cannot pull with rebase: You have unstaged changes.
error: Please commit or stash them.
[2026-05-24 16:50:00] committed:  1 file changed, 4 insertions(+)
[2026-05-24 16:50:00] WARN: pull --rebase failed, skipping push. See /tmp/git-autopush-rebase.err
error: cannot pull with rebase: You have unstaged changes.
error: Please commit or stash them.
[2026-05-24 17:00:00] committed:  1 file changed, 4 insertions(+)
[2026-05-24 17:00:00] WARN: pull --rebase failed, skipping push. See /tmp/git-autopush-rebase.err
[2026-05-24 17:10:01] committed:  1 file changed, 2 insertions(+)
[2026-05-24 17:10:01] WARN: pull --rebase failed, skipping push. See /tmp/git-autopush-rebase.err
error: cannot pull with rebase: You have unstaged changes.
error: Please commit or stash them.
[2026-05-24 17:20:01] committed:  1 file changed, 4 insertions(+)
[2026-05-24 17:20:01] WARN: pull --rebase failed, skipping push. See /tmp/git-autopush-rebase.err
error: cannot pull with rebase: You have unstaged changes.
error: Please commit or stash them.
[2026-05-24 17:30:00] committed:  1 file changed, 4 insertions(+)
[2026-05-24 17:30:00] WARN: pull --rebase failed, skipping push. See /tmp/git-autopush-rebase.err
error: cannot pull with rebase: You have unstaged changes.
error: Please commit or stash them.
[2026-05-24 17:40:01] committed:  1 file changed, 4 insertions(+)
[2026-05-24 17:40:01] WARN: pull --rebase failed, skipping push. See /tmp/git-autopush-rebase.err
error: cannot pull with rebase: You have unstaged changes.
error: Please commit or stash them.
